<?xml version="1.0" encoding="utf-8"?><testsuites name="pytest tests"><testsuite name="pytest" errors="0" failures="0" skipped="0" tests="16" time="6.609" timestamp="2026-03-11T15:26:08.018322+00:00" hostname="agent-env-ebba98a5-2960-41d3-ab1c-d804ca795e8f"><testcase classname="tests.test_multi_tenant.TestAuthentication" name="test_super_admin_login_success" time="0.764" /><testcase classname="tests.test_multi_tenant.TestAuthentication" name="test_admin_tenant_login_success" time="0.407" /><testcase classname="tests.test_multi_tenant.TestAuthentication" name="test_login_invalid_credentials" time="0.186" /><testcase classname="tests.test_multi_tenant.TestAuthentication" name="test_login_wrong_password" time="0.197" /><testcase classname="tests.test_multi_tenant.TestSuperAdminEndpoints" name="test_superadmin_dashboard" time="0.505" /><testcase classname="tests.test_multi_tenant.TestSuperAdminEndpoints" name="test_superadmin_list_tenants" time="0.498" /><testcase classname="tests.test_multi_tenant.TestSuperAdminEndpoints" name="test_superadmin_list_users" time="0.372" /><testcase classname="tests.test_multi_tenant.TestSuperAdminEndpoints" name="test_superadmin_get_tenant_details" time="0.613" /><testcase classname="tests.test_multi_tenant.TestAdminTenantEndpoints" name="test_admin_dashboard_stats" time="0.319" /><testcase classname="tests.test_multi_tenant.TestAdminTenantEndpoints" name="test_admin_get_companies_isolation" time="0.293" /><testcase classname="tests.test_multi_tenant.TestAdminTenantEndpoints" name="test_admin_get_bank_statements_isolation" time="0.260" /><testcase classname="tests.test_multi_tenant.TestAdminTenantEndpoints" name="test_admin_get_chart_of_accounts_isolation" time="0.242" /><testcase classname="tests.test_multi_tenant.TestAccessControl" name="test_admin_tenant_cannot_access_superadmin_endpoints" time="0.612" /><testcase classname="tests.test_multi_tenant.TestAccessControl" name="test_unauthenticated_cannot_access_protected_endpoints" time="0.429" /><testcase classname="tests.test_multi_tenant.TestAuthMe" name="test_super_admin_me" time="0.234" /><testcase classname="tests.test_multi_tenant.TestAuthMe" name="test_admin_tenant_me" time="0.276" /></testsuite></testsuites>