<?xml version="1.0" encoding="utf-8"?><testsuites name="pytest tests"><testsuite name="pytest" errors="0" failures="0" skipped="0" tests="20" time="6.817" timestamp="2026-03-04T17:37:19.342923+00:00" hostname="agent-env-bc1c4f0d-f6a1-4e44-b601-c4d917f2db1b"><testcase classname="backend.tests.test_classification_system.TestAPIHealth" name="test_api_root" time="0.380" /><testcase classname="backend.tests.test_classification_system.TestClassificationHistory" name="test_get_classification_history_all" time="0.125" /><testcase classname="backend.tests.test_classification_system.TestClassificationHistory" name="test_get_classification_history_by_company" time="0.118" /><testcase classname="backend.tests.test_classification_system.TestCompanies" name="test_get_companies" time="0.155" /><testcase classname="backend.tests.test_classification_system.TestCompanies" name="test_get_company_by_id" time="0.118" /><testcase classname="backend.tests.test_classification_system.TestCompanies" name="test_get_company_not_found" time="0.125" /><testcase classname="backend.tests.test_classification_system.TestChartOfAccounts" name="test_get_charts" time="0.541" /><testcase classname="backend.tests.test_classification_system.TestChartOfAccounts" name="test_get_charts_by_company" time="0.122" /><testcase classname="backend.tests.test_classification_system.TestAccountItems" name="test_get_account_items" time="0.119" /><testcase classname="backend.tests.test_classification_system.TestBankStatements" name="test_get_bank_statements" time="0.126" /><testcase classname="backend.tests.test_classification_system.TestBankStatements" name="test_get_bank_statements_by_company" time="0.123" /><testcase classname="backend.tests.test_classification_system.TestBankStatements" name="test_get_statement_by_id" time="0.232" /><testcase classname="backend.tests.test_classification_system.TestBankStatements" name="test_get_statement_transactions" time="0.386" /><testcase classname="backend.tests.test_classification_system.TestTransactionUpdate" name="test_update_transaction_saves_to_history" time="0.579" /><testcase classname="backend.tests.test_classification_system.TestTransactionUpdate" name="test_update_transaction_not_found" time="0.119" /><testcase classname="backend.tests.test_classification_system.TestExcelUploadAndProcessing" name="test_upload_excel_statement" time="0.492" /><testcase classname="backend.tests.test_classification_system.TestExportXLSX" name="test_export_statement_xlsx" time="0.279" /><testcase classname="backend.tests.test_classification_system.TestClassificationRules" name="test_get_classification_rules" time="0.237" /><testcase classname="backend.tests.test_classification_system.TestClassificationRules" name="test_create_and_delete_rule" time="0.501" /><testcase classname="backend.tests.test_classification_system.TestIntelligentClassificationFlow" name="test_classification_learning_flow" time="0.993" /></testsuite></testsuites>