<?xml version="1.0" encoding="utf-8"?><testsuites name="pytest tests"><testsuite name="pytest" errors="0" failures="0" skipped="0" tests="22" time="9.108" timestamp="2026-05-26T16:35:49.445096+00:00" hostname="agent-env-47a0473c-7f9f-40b6-a30e-5d3a870e18e0"><testcase classname="tests.test_refactored_api.TestAPIRoot" name="test_api_root" time="0.596" /><testcase classname="tests.test_refactored_api.TestAuthentication" name="test_login_super_admin_success" time="0.200" /><testcase classname="tests.test_refactored_api.TestAuthentication" name="test_login_invalid_credentials" time="0.152" /><testcase classname="tests.test_refactored_api.TestAuthentication" name="test_login_wrong_password" time="0.164" /><testcase classname="tests.test_refactored_api.TestAuthentication" name="test_auth_me_with_token" time="0.307" /><testcase classname="tests.test_refactored_api.TestAuthentication" name="test_auth_me_without_token" time="0.117" /><testcase classname="tests.test_refactored_api.TestSuperAdminEndpoints" name="test_superadmin_dashboard" time="0.298" /><testcase classname="tests.test_refactored_api.TestSuperAdminEndpoints" name="test_superadmin_tenants_list" time="0.324" /><testcase classname="tests.test_refactored_api.TestSuperAdminEndpoints" name="test_superadmin_usuarios_list" time="0.271" /><testcase classname="tests.test_refactored_api.TestSuperAdminEndpoints" name="test_superadmin_logs" time="0.265" /><testcase classname="tests.test_refactored_api.TestCompaniesEndpoints" name="test_companies_list" time="0.248" /><testcase classname="tests.test_refactored_api.TestDashboardEndpoints" name="test_dashboard_stats" time="1.971" /><testcase classname="tests.test_refactored_api.TestBankStatementsEndpoints" name="test_bank_statements_list" time="0.330" /><testcase classname="tests.test_refactored_api.TestAccountingProcessesEndpoints" name="test_accounting_processes_list" time="0.278" /><testcase classname="tests.test_refactored_api.TestAccountingProcessesEndpoints" name="test_accounting_processes_grouped" time="0.259" /><testcase classname="tests.test_refactored_api.TestAccountingProcessesEndpoints" name="test_accounting_processes_stats" time="0.265" /><testcase classname="tests.test_refactored_api.TestChartOfAccountsEndpoints" name="test_chart_of_accounts_list" time="0.218" /><testcase classname="tests.test_refactored_api.TestChartOfAccountsEndpoints" name="test_account_items_list" time="0.303" /><testcase classname="tests.test_refactored_api.TestClassificationEndpoints" name="test_classification_rules_list" time="0.275" /><testcase classname="tests.test_refactored_api.TestClassificationEndpoints" name="test_classification_history_list" time="0.382" /><testcase classname="tests.test_refactored_api.TestAccessControl" name="test_unauthenticated_access_rejected" time="0.982" /><testcase classname="tests.test_refactored_api.TestAccessControl" name="test_superadmin_endpoints_require_superadmin" time="0.617" /></testsuite></testsuites>