<?xml version="1.0" encoding="utf-8"?><testsuites name="pytest tests"><testsuite name="pytest" errors="0" failures="0" skipped="0" tests="23" time="7.549" timestamp="2026-03-10T17:15:01.146159+00:00" hostname="agent-env-fde78019-ad2a-4c41-b084-94ebf9c27ca1"><testcase classname="backend.tests.test_auth_users.TestHealthCheck" name="test_api_root" time="0.354" /><testcase classname="backend.tests.test_auth_users.TestAuthentication" name="test_login_admin_success" time="0.128" /><testcase classname="backend.tests.test_auth_users.TestAuthentication" name="test_login_invalid_email" time="0.096" /><testcase classname="backend.tests.test_auth_users.TestAuthentication" name="test_login_invalid_password" time="0.116" /><testcase classname="backend.tests.test_auth_users.TestAuthentication" name="test_get_me_with_valid_token" time="0.441" /><testcase classname="backend.tests.test_auth_users.TestAuthentication" name="test_get_me_without_token" time="0.107" /><testcase classname="backend.tests.test_auth_users.TestUserManagement" name="test_list_users_as_admin" time="0.215" /><testcase classname="backend.tests.test_auth_users.TestUserManagement" name="test_list_users_without_auth" time="0.147" /><testcase classname="backend.tests.test_auth_users.TestUserManagement" name="test_create_user_and_verify" time="0.472" /><testcase classname="backend.tests.test_auth_users.TestUserManagement" name="test_create_user_duplicate_email" time="0.228" /><testcase classname="backend.tests.test_auth_users.TestUserManagement" name="test_update_user" time="0.544" /><testcase classname="backend.tests.test_auth_users.TestUserManagement" name="test_toggle_user_status" time="0.491" /><testcase classname="backend.tests.test_auth_users.TestUserManagement" name="test_delete_user" time="0.414" /><testcase classname="backend.tests.test_auth_users.TestUserCompanyLink" name="test_get_user_companies_empty" time="0.387" /><testcase classname="backend.tests.test_auth_users.TestUserCompanyLink" name="test_link_company_to_user" time="0.701" /><testcase classname="backend.tests.test_auth_users.TestUserCompanyLink" name="test_unlink_company_from_user" time="0.743" /><testcase classname="backend.tests.test_auth_users.TestActivityLogs" name="test_get_activity_logs" time="0.177" /><testcase classname="backend.tests.test_auth_users.TestActivityLogs" name="test_get_activity_logs_with_limit" time="0.180" /><testcase classname="backend.tests.test_auth_users.TestActivityLogs" name="test_activity_logs_without_auth" time="0.083" /><testcase classname="backend.tests.test_auth_users.TestActivityLogs" name="test_login_creates_activity_log" time="0.409" /><testcase classname="backend.tests.test_auth_users.TestRoleBasedAccess" name="test_colaborador_cannot_list_users" time="0.308" /><testcase classname="backend.tests.test_auth_users.TestRoleBasedAccess" name="test_colaborador_cannot_create_user" time="0.297" /><testcase classname="backend.tests.test_auth_users.TestRoleBasedAccess" name="test_colaborador_cannot_access_activity_logs" time="0.273" /></testsuite></testsuites>